<?xml version="1.0" encoding="UTF-8"?>
<!-- Generated by org.testng.reporters.JUnitReportReporter -->
<testsuite hostname="Tharinu-Asintha" failures="0" tests="1" name="com.ifs.runner.runner" time="44.542" errors="0" timestamp="2023-08-16T20:19:59 IST" skipped="0">
  <testcase classname="com.ifs.runner.runner" name="main" time="44.542"/>
</testsuite> <!-- com.ifs.runner.runner -->
